La génération a démarré 29/11/2013 13:13:03.
     1>Projet "H:\TP_POO_MOO\4INFO_SmallWorld\CS_SmallWorld\LibSmallWorld\LibSmallWorld.vcxproj" sur le nœud 2 (Rebuild cible(s)).
     1>_PrepareForClean:
         Suppression du fichier "Debug\LibSmallWorld.lastbuildstate".
       InitializeBuildStatus:
         Création de "Debug\LibSmallWorld.unsuccessfulbuild", car "AlwaysCreate" a été spécifié.
       ClCompile:
         C:\Program Files (x86)\Microsoft Visual Studio 11.0\VC\bin\CL.exe /c /ZI /nologo /W3 /WX- /Od /Oy- /D WIN32 /D _DEBUG /D _WINDOWS /D _USRDLL /D LIBSMALLWORLD_EXPORTS /D _WINDLL /D _UNICODE /D UNICODE /Gm /EHsc /RTC1 /MDd /GS /fp:precise /Zc:wchar_t /Zc:forScope /Fo"Debug\\" /Fd"Debug\vc110.pdb" /Gd /TP /analyze- /errorReport:prompt apiSmallWorld.cpp calculsUtility.cpp map.cpp
         map.cpp
         calculsUtility.cpp
     1>h:\tp_poo_moo\4info_smallworld\cs_smallworld\libsmallworld\calculsutility.cpp(20): warning C4244: 'argument' : conversion de 'time_t' en 'unsigned int', perte possible de données
         apiSmallWorld.cpp
     1>h:\tp_poo_moo\4info_smallworld\cs_smallworld\libsmallworld\apismallworld.h(5): warning C4005: 'LIBSMALLWORLD_EXPORTS' : redéfinition de macro
                 arguments de ligne de commande : voir la définition précédente de 'LIBSMALLWORLD_EXPORTS'
         Génération de code en cours...
       Link:
         C:\Program Files (x86)\Microsoft Visual Studio 11.0\VC\bin\link.exe /ERRORREPORT:PROMPT /OUT:"H:\TP_POO_MOO\4INFO_SmallWorld\CS_SmallWorld\Debug\LibSmallWorld.dll" /INCREMENTAL:NO /NOLOGO kernel32.lib user32.lib gdi32.lib winspool.lib comdlg32.lib advapi32.lib shell32.lib ole32.lib oleaut32.lib uuid.lib odbc32.lib odbccp32.lib /MANIFEST /MANIFESTUAC:"level='asInvoker' uiAccess='false'" /manifest:embed /DEBUG /PDB:"H:\TP_POO_MOO\4INFO_SmallWorld\CS_SmallWorld\Debug\LibSmallWorld.pdb" /SUBSYSTEM:WINDOWS /TLBID:1 /DYNAMICBASE /NXCOMPAT /IMPLIB:"H:\TP_POO_MOO\4INFO_SmallWorld\CS_SmallWorld\Debug\LibSmallWorld.lib" /MACHINE:X86 /DLL Debug\apiSmallWorld.obj
         Debug\calculsUtility.obj
         Debug\map.obj
     1>apiSmallWorld.obj : warning LNK4075: ' /EDITANDCONTINUE' ignoré à cause de la spécification '/OPT:LBR'
            Création de la bibliothèque H:\TP_POO_MOO\4INFO_SmallWorld\CS_SmallWorld\Debug\LibSmallWorld.lib et de l'objet H:\TP_POO_MOO\4INFO_SmallWorld\CS_SmallWorld\Debug\LibSmallWorld.exp
         LibSmallWorld.vcxproj -> H:\TP_POO_MOO\4INFO_SmallWorld\CS_SmallWorld\Debug\LibSmallWorld.dll
       FinalizeBuildStatus:
         Suppression du fichier "Debug\LibSmallWorld.unsuccessfulbuild".
         Mise à jour de l'horodatage "Debug\LibSmallWorld.lastbuildstate".
     1>Génération du projet "H:\TP_POO_MOO\4INFO_SmallWorld\CS_SmallWorld\LibSmallWorld\LibSmallWorld.vcxproj" terminée (Rebuild cible(s)).

La génération a réussi.

Temps écoulé 00:00:00.88
