H:\TP_POO_MOO\4INFO_SMALLWORLD\CS_SMALLWORLD\LIBSMALLWORLD\DEBUG\APISMALLWORLD.OBJ
H:\TP_POO_MOO\4INFO_SMALLWORLD\CS_SMALLWORLD\LIBSMALLWORLD\DEBUG\CALCULSUTILITY.OBJ
H:\TP_POO_MOO\4INFO_SMALLWORLD\CS_SMALLWORLD\LIBSMALLWORLD\DEBUG\MAP.OBJ
H:\TP_POO_MOO\4INFO_SMALLWORLD\CS_SMALLWORLD\LIBSMALLWORLD\DEBUG\VC100.PDB
H:\TP_POO_MOO\4INFO_SMALLWORLD\CS_SMALLWORLD\DEBUG\LIBSMALLWORLD.DLL
H:\TP_POO_MOO\4INFO_SMALLWORLD\CS_SMALLWORLD\LIBSMALLWORLD\DEBUG\LIBSMALLWORLD.DLL.INTERMEDIATE.MANIFEST
H:\TP_POO_MOO\4INFO_SMALLWORLD\CS_SMALLWORLD\DEBUG\LIBSMALLWORLD.PDB
H:\TP_POO_MOO\4INFO_SmallWorld\CS_SmallWorld\Debug\LibSmallWorld.lib
H:\TP_POO_MOO\4INFO_SmallWorld\CS_SmallWorld\Debug\LibSmallWorld.exp
H:\TP_POO_MOO\4INFO_SmallWorld\CS_SmallWorld\LibSmallWorld\Debug\apiSmallWorld.obj
H:\TP_POO_MOO\4INFO_SmallWorld\CS_SmallWorld\LibSmallWorld\Debug\calculsUtility.obj
H:\TP_POO_MOO\4INFO_SmallWorld\CS_SmallWorld\LibSmallWorld\Debug\map.obj
H:\TP_POO_MOO\4INFO_SmallWorld\CS_SmallWorld\LibSmallWorld\Debug\CL.read.1.tlog
H:\TP_POO_MOO\4INFO_SmallWorld\CS_SmallWorld\LibSmallWorld\Debug\CL.write.1.tlog
H:\TP_POO_MOO\4INFO_SmallWorld\CS_SmallWorld\LibSmallWorld\Debug\cl.command.1.tlog
H:\TP_POO_MOO\4INFO_SmallWorld\CS_SmallWorld\LibSmallWorld\Debug\link.read.1.tlog
H:\TP_POO_MOO\4INFO_SmallWorld\CS_SmallWorld\LibSmallWorld\Debug\link.write.1.tlog
H:\TP_POO_MOO\4INFO_SmallWorld\CS_SmallWorld\LibSmallWorld\Debug\link.command.1.tlog
H:\TP_POO_MOO\4INFO_SmallWorld\CS_SmallWorld\LibSmallWorld\Debug\LibSmallWorld.write.1.tlog
H:\TP_POO_MOO\4INFO_SmallWorld\CS_SmallWorld\LibSmallWorld\Debug\mt.read.1.tlog
H:\TP_POO_MOO\4INFO_SmallWorld\CS_SmallWorld\LibSmallWorld\Debug\mt.write.1.tlog
H:\TP_POO_MOO\4INFO_SmallWorld\CS_SmallWorld\LibSmallWorld\Debug\mt.command.1.tlog
H:\TP_POO_MOO\4INFO_SmallWorld\CS_SmallWorld\LibSmallWorld\Debug\LibSmallWorld.dll.intermediate.manifest
H:\TP_POO_MOO\4INFO_SmallWorld\CS_SmallWorld\LibSmallWorld\Debug\vc100.idb
H:\TP_POO_MOO\4INFO_SmallWorld\CS_SmallWorld\LibSmallWorld\Debug\vc100.pdb
H:\TP_POO_MOO\4INFO_SmallWorld\CS_SmallWorld\Debug\LibSmallWorld.pdb
H:\TP_POO_MOO\4INFO_SmallWorld\CS_SmallWorld\Debug\LibSmallWorld.dll
