C:\TEMP\LIBSMALLWORLD\LIBSMALLWORLD\DEBUG\LIBSMALLWORLD.DLL
C:\Temp\LibSmallWorld\LibSmallWorld\Debug\LibSmallWorld.exp
C:\Temp\LibSmallWorld\LibSmallWorld\Debug\LibSmallWorld.lib
C:\TEMP\LIBSMALLWORLD\LIBSMALLWORLD\DEBUG\LIBSMALLWORLD.PDB
C:\TEMP\LIBSMALLWORLD\LIBSMALLWORLD\LIBSMALLWORLD\DEBUG\APISMALLWORLD.OBJ
C:\TEMP\LIBSMALLWORLD\LIBSMALLWORLD\LIBSMALLWORLD\DEBUG\LIBSMALLWORLD.DLL.INTERMEDIATE.MANIFEST
C:\TEMP\LIBSMALLWORLD\LIBSMALLWORLD\LIBSMALLWORLD\DEBUG\MAP.OBJ
C:\TEMP\LIBSMALLWORLD\LIBSMALLWORLD\LIBSMALLWORLD\DEBUG\VC100.PDB
H:\TP_POO_MOO\LIBSMALLWORLD\LIBSMALLWORLD\DEBUG\LIBSMALLWORLD.DLL
H:\TP_POO_MOO\LibSmallWorld\LibSmallWorld\Debug\LibSmallWorld.exp
H:\TP_POO_MOO\LibSmallWorld\LibSmallWorld\Debug\LibSmallWorld.lib
H:\TP_POO_MOO\LIBSMALLWORLD\LIBSMALLWORLD\DEBUG\LIBSMALLWORLD.PDB
H:\TP_POO_MOO\LIBSMALLWORLD\LIBSMALLWORLD\LIBSMALLWORLD\DEBUG\APISMALLWORLD.OBJ
H:\TP_POO_MOO\LibSmallWorld\LibSmallWorld\LibSmallWorld\Debug\cl.command.1.tlog
H:\TP_POO_MOO\LibSmallWorld\LibSmallWorld\LibSmallWorld\Debug\CL.read.1.tlog
H:\TP_POO_MOO\LibSmallWorld\LibSmallWorld\LibSmallWorld\Debug\CL.write.1.tlog
H:\TP_POO_MOO\LIBSMALLWORLD\LIBSMALLWORLD\LIBSMALLWORLD\DEBUG\LIBSMALLWORLD.DLL.INTERMEDIATE.MANIFEST
H:\TP_POO_MOO\LibSmallWorld\LibSmallWorld\LibSmallWorld\Debug\LibSmallWorld.write.1.tlog
H:\TP_POO_MOO\LibSmallWorld\LibSmallWorld\LibSmallWorld\Debug\link.command.1.tlog
H:\TP_POO_MOO\LibSmallWorld\LibSmallWorld\LibSmallWorld\Debug\link.read.1.tlog
H:\TP_POO_MOO\LibSmallWorld\LibSmallWorld\LibSmallWorld\Debug\link.write.1.tlog
H:\TP_POO_MOO\LIBSMALLWORLD\LIBSMALLWORLD\LIBSMALLWORLD\DEBUG\MAP.OBJ
H:\TP_POO_MOO\LibSmallWorld\LibSmallWorld\LibSmallWorld\Debug\mt.command.1.tlog
H:\TP_POO_MOO\LibSmallWorld\LibSmallWorld\LibSmallWorld\Debug\mt.read.1.tlog
H:\TP_POO_MOO\LibSmallWorld\LibSmallWorld\LibSmallWorld\Debug\mt.write.1.tlog
H:\TP_POO_MOO\LibSmallWorld\LibSmallWorld\LibSmallWorld\Debug\vc100.idb
H:\TP_POO_MOO\LIBSMALLWORLD\LIBSMALLWORLD\LIBSMALLWORLD\DEBUG\VC100.PDB
