D:\INSA\4INFO\4INFO_SMALLWORLD\CS_SMALLWORLD\WRAPPERLIBSMALLWORLD\RELEASE\WRAPPERLIBSMALLWORLD.PCH
D:\INSA\4INFO\4INFO_SMALLWORLD\CS_SMALLWORLD\WRAPPERLIBSMALLWORLD\RELEASE\STDAFX.OBJ
D:\INSA\4INFO\4INFO_SMALLWORLD\CS_SMALLWORLD\WRAPPERLIBSMALLWORLD\RELEASE\VC110.PDB
D:\INSA\4INFO\4INFO_SMALLWORLD\CS_SMALLWORLD\WRAPPERLIBSMALLWORLD\RELEASE\WRAPPERLIBSMALLWORLD.OBJ
D:\INSA\4INFO\4INFO_SMALLWORLD\CS_SMALLWORLD\WRAPPERLIBSMALLWORLD\RELEASE\ASSEMBLYINFO.OBJ
D:\INSA\4INFO\4INFO_SMALLWORLD\CS_SMALLWORLD\WRAPPERLIBSMALLWORLD\RELEASE\.NETFRAMEWORK,VERSION=V4.0.ASSEMBLYATTRIBUTES.OBJ
C:\USERS\ORHIN\DOCUMENTS\VISUAL STUDIO 2012\PROJECTS\4INFO_SMALLWORLD\CS_SMALLWORLD\WRAPPERLIBSMALLWORLD\RELEASE\WRAPPERLIBSMALLWORLD.PCH
C:\USERS\ORHIN\DOCUMENTS\VISUAL STUDIO 2012\PROJECTS\4INFO_SMALLWORLD\CS_SMALLWORLD\WRAPPERLIBSMALLWORLD\RELEASE\STDAFX.OBJ
C:\USERS\ORHIN\DOCUMENTS\VISUAL STUDIO 2012\PROJECTS\4INFO_SMALLWORLD\CS_SMALLWORLD\WRAPPERLIBSMALLWORLD\RELEASE\VC110.PDB
C:\USERS\ORHIN\DOCUMENTS\VISUAL STUDIO 2012\PROJECTS\4INFO_SMALLWORLD\CS_SMALLWORLD\WRAPPERLIBSMALLWORLD\RELEASE\WRAPPERLIBSMALLWORLD.OBJ
C:\USERS\ORHIN\DOCUMENTS\VISUAL STUDIO 2012\PROJECTS\4INFO_SMALLWORLD\CS_SMALLWORLD\WRAPPERLIBSMALLWORLD\RELEASE\ASSEMBLYINFO.OBJ
C:\USERS\ORHIN\DOCUMENTS\VISUAL STUDIO 2012\PROJECTS\4INFO_SMALLWORLD\CS_SMALLWORLD\WRAPPERLIBSMALLWORLD\RELEASE\.NETFRAMEWORK,VERSION=V4.0.ASSEMBLYATTRIBUTES.OBJ
D:\INSA\4INFO\4INFO_SMALLWORLD\CS_SMALLWORLD\RELEASE\WRAPPERLIBSMALLWORLD.ILK
D:\INSA\4INFO\4INFO_SMALLWORLD\CS_SMALLWORLD\RELEASE\WRAPPERLIBSMALLWORLD.DLL
D:\INSA\4INFO\4INFO_SMALLWORLD\CS_SMALLWORLD\RELEASE\WRAPPERLIBSMALLWORLD.PDB
C:\USERS\ORHIN\DOCUMENTS\VISUAL STUDIO 2012\PROJECTS\4INFO_SMALLWORLD\CS_SMALLWORLD\RELEASE\WRAPPERLIBSMALLWORLD.ILK
C:\USERS\ORHIN\DOCUMENTS\VISUAL STUDIO 2012\PROJECTS\4INFO_SMALLWORLD\CS_SMALLWORLD\RELEASE\WRAPPERLIBSMALLWORLD.DLL
C:\USERS\ORHIN\DOCUMENTS\VISUAL STUDIO 2012\PROJECTS\4INFO_SMALLWORLD\CS_SMALLWORLD\RELEASE\WRAPPERLIBSMALLWORLD.PDB
C:\Users\Orhin\Documents\Visual Studio 2012\Projects\4INFO_SmallWorld\CS_SmallWorld\wrapperLibSmallWorld\Release\wrapperLibSmallWorld.vcxprojResolveAssemblyReference.cache
C:\Users\Orhin\Documents\Visual Studio 2012\Projects\4INFO_SmallWorld\CS_SmallWorld\wrapperLibSmallWorld\Release\.NETFramework,Version=v4.0.AssemblyAttributes.obj
C:\Users\Orhin\Documents\Visual Studio 2012\Projects\4INFO_SmallWorld\CS_SmallWorld\wrapperLibSmallWorld\Release\AssemblyInfo.obj
C:\Users\Orhin\Documents\Visual Studio 2012\Projects\4INFO_SmallWorld\CS_SmallWorld\wrapperLibSmallWorld\Release\Stdafx.obj
C:\Users\Orhin\Documents\Visual Studio 2012\Projects\4INFO_SmallWorld\CS_SmallWorld\wrapperLibSmallWorld\Release\wrapperLibSmallWorld.obj
C:\Users\Orhin\Documents\Visual Studio 2012\Projects\4INFO_SmallWorld\CS_SmallWorld\wrapperLibSmallWorld\Release\cl.command.1.tlog
C:\Users\Orhin\Documents\Visual Studio 2012\Projects\4INFO_SmallWorld\CS_SmallWorld\wrapperLibSmallWorld\Release\CL.read.1.tlog
C:\Users\Orhin\Documents\Visual Studio 2012\Projects\4INFO_SmallWorld\CS_SmallWorld\wrapperLibSmallWorld\Release\CL.write.1.tlog
C:\Users\Orhin\Documents\Visual Studio 2012\Projects\4INFO_SmallWorld\CS_SmallWorld\wrapperLibSmallWorld\Release\link.4772-cvtres.read.1.tlog
C:\Users\Orhin\Documents\Visual Studio 2012\Projects\4INFO_SmallWorld\CS_SmallWorld\wrapperLibSmallWorld\Release\link.4772-cvtres.write.1.tlog
C:\Users\Orhin\Documents\Visual Studio 2012\Projects\4INFO_SmallWorld\CS_SmallWorld\wrapperLibSmallWorld\Release\link.4772-rc.read.1.tlog
C:\Users\Orhin\Documents\Visual Studio 2012\Projects\4INFO_SmallWorld\CS_SmallWorld\wrapperLibSmallWorld\Release\link.4772-rc.write.1.tlog
C:\Users\Orhin\Documents\Visual Studio 2012\Projects\4INFO_SmallWorld\CS_SmallWorld\wrapperLibSmallWorld\Release\link.4772.read.1.tlog
C:\Users\Orhin\Documents\Visual Studio 2012\Projects\4INFO_SmallWorld\CS_SmallWorld\wrapperLibSmallWorld\Release\link.4772.write.1.tlog
C:\Users\Orhin\Documents\Visual Studio 2012\Projects\4INFO_SmallWorld\CS_SmallWorld\wrapperLibSmallWorld\Release\link.5816-cvtres.read.1.tlog
C:\Users\Orhin\Documents\Visual Studio 2012\Projects\4INFO_SmallWorld\CS_SmallWorld\wrapperLibSmallWorld\Release\link.5816-cvtres.write.1.tlog
C:\Users\Orhin\Documents\Visual Studio 2012\Projects\4INFO_SmallWorld\CS_SmallWorld\wrapperLibSmallWorld\Release\link.5816-rc.read.1.tlog
C:\Users\Orhin\Documents\Visual Studio 2012\Projects\4INFO_SmallWorld\CS_SmallWorld\wrapperLibSmallWorld\Release\link.5816-rc.write.1.tlog
C:\Users\Orhin\Documents\Visual Studio 2012\Projects\4INFO_SmallWorld\CS_SmallWorld\wrapperLibSmallWorld\Release\link.5816.read.1.tlog
C:\Users\Orhin\Documents\Visual Studio 2012\Projects\4INFO_SmallWorld\CS_SmallWorld\wrapperLibSmallWorld\Release\link.5816.write.1.tlog
C:\Users\Orhin\Documents\Visual Studio 2012\Projects\4INFO_SmallWorld\CS_SmallWorld\wrapperLibSmallWorld\Release\link.command.1.tlog
C:\Users\Orhin\Documents\Visual Studio 2012\Projects\4INFO_SmallWorld\CS_SmallWorld\wrapperLibSmallWorld\Release\link.read.1.tlog
C:\Users\Orhin\Documents\Visual Studio 2012\Projects\4INFO_SmallWorld\CS_SmallWorld\wrapperLibSmallWorld\Release\link.write.1.tlog
C:\Users\Orhin\Documents\Visual Studio 2012\Projects\4INFO_SmallWorld\CS_SmallWorld\wrapperLibSmallWorld\Release\metagen.read.1.tlog
C:\Users\Orhin\Documents\Visual Studio 2012\Projects\4INFO_SmallWorld\CS_SmallWorld\wrapperLibSmallWorld\Release\metagen.write.1.tlog
C:\Users\Orhin\Documents\Visual Studio 2012\Projects\4INFO_SmallWorld\CS_SmallWorld\wrapperLibSmallWorld\Release\wrapperLibSmallWorld.pch
C:\Users\Orhin\Documents\Visual Studio 2012\Projects\4INFO_SmallWorld\CS_SmallWorld\wrapperLibSmallWorld\Release\vc110.pdb
C:\Users\Orhin\Documents\Visual Studio 2012\Projects\4INFO_SmallWorld\CS_SmallWorld\wrapperLibSmallWorld\Release\RSAENH.DLL.bi
C:\Users\Orhin\Documents\Visual Studio 2012\Projects\4INFO_SmallWorld\CS_SmallWorld\wrapperLibSmallWorld\Release\TZRES.DLL.bi
C:\Users\Orhin\Documents\Visual Studio 2012\Projects\4INFO_SmallWorld\CS_SmallWorld\Release\wrapperLibSmallWorld.pdb
C:\Users\Orhin\Documents\Visual Studio 2012\Projects\4INFO_SmallWorld\CS_SmallWorld\Release\wrapperLibSmallWorld.dll
C:\Users\Orhin\Documents\Visual Studio 2012\Projects\4INFO_SmallWorld\CS_SmallWorld\Release\wrapperLibSmallWorld.ilk
