La génération a démarré 15/01/2014 23:21:20.
     1>Projet "D:\INSA\4INFO\4INFO_SmallWorld\CS_SmallWorld\LibSmallWorld\LibSmallWorld.vcxproj" sur le nœud 2 (Rebuild cible(s)).
     1>ClCompile:
         C:\Program Files (x86)\Microsoft Visual Studio 11.0\VC\bin\CL.exe /c /Zi /nologo /W3 /WX- /O2 /Oi /Oy- /GL /D WIN32 /D NDEBUG /D _WINDOWS /D _USRDLL /D LIBSMALLWORLD_EXPORTS /D _WINDLL /D _UNICODE /D UNICODE /Gm- /EHsc /MD /GS /Gy /fp:precise /Zc:wchar_t /Zc:forScope /Fo"Release\\" /Fd"Release\vc110.pdb" /Gd /TP /analyze- /errorReport:prompt apiSmallWorld.cpp calcCombat.cpp map.cpp
         apiSmallWorld.cpp
     1>d:\insa\4info\4info_smallworld\cs_smallworld\libsmallworld\apiSmallWorld.h(5): warning C4005: 'LIBSMALLWORLD_EXPORTS' : redéfinition de macro
                 arguments de ligne de commande : voir la définition précédente de 'LIBSMALLWORLD_EXPORTS'
         calcCombat.cpp
     1>calcCombat.cpp(6): warning C4244: 'argument' : conversion de 'time_t' en 'unsigned int', perte possible de données
         map.cpp
     1>map.cpp(24): warning C4244: 'argument' : conversion de 'time_t' en 'unsigned int', perte possible de données
       Link:
         C:\Program Files (x86)\Microsoft Visual Studio 11.0\VC\bin\link.exe /ERRORREPORT:PROMPT /OUT:"D:\INSA\4INFO\4INFO_SmallWorld\CS_SmallWorld\Release\LibSmallWorld.dll" /INCREMENTAL:NO /NOLOGO kernel32.lib user32.lib gdi32.lib winspool.lib comdlg32.lib advapi32.lib shell32.lib ole32.lib oleaut32.lib uuid.lib odbc32.lib odbccp32.lib /MANIFEST /MANIFESTUAC:"level='asInvoker' uiAccess='false'" /manifest:embed /DEBUG /PDB:"D:\INSA\4INFO\4INFO_SmallWorld\CS_SmallWorld\Release\LibSmallWorld.pdb" /SUBSYSTEM:WINDOWS /OPT:REF /OPT:ICF /LTCG /TLBID:1 /DYNAMICBASE /NXCOMPAT /IMPLIB:"D:\INSA\4INFO\4INFO_SmallWorld\CS_SmallWorld\Release\LibSmallWorld.lib" /MACHINE:X86 /SAFESEH /DLL Release\apiSmallWorld.obj
         Release\calcCombat.obj
         Release\map.obj
            Création de la bibliothèque D:\INSA\4INFO\4INFO_SmallWorld\CS_SmallWorld\Release\LibSmallWorld.lib et de l'objet D:\INSA\4INFO\4INFO_SmallWorld\CS_SmallWorld\Release\LibSmallWorld.exp
         Génération de code en cours
         Fin de la génération du code
         LibSmallWorld.vcxproj -> D:\INSA\4INFO\4INFO_SmallWorld\CS_SmallWorld\Release\LibSmallWorld.dll
     1>Génération du projet "D:\INSA\4INFO\4INFO_SmallWorld\CS_SmallWorld\LibSmallWorld\LibSmallWorld.vcxproj" terminée (Rebuild cible(s)).

La génération a réussi.

Temps écoulé 00:00:00.59
