D:\INSA\4INFO\4INFO_SMALLWORLD\CS_SMALLWORLD\LIBSMALLWORLD\RELEASE\MAP.OBJ
D:\INSA\4INFO\4INFO_SMALLWORLD\CS_SMALLWORLD\LIBSMALLWORLD\RELEASE\CALCCOMBAT.OBJ
D:\INSA\4INFO\4INFO_SMALLWORLD\CS_SMALLWORLD\LIBSMALLWORLD\RELEASE\APISMALLWORLD.OBJ
D:\INSA\4INFO\4INFO_SMALLWORLD\CS_SMALLWORLD\LIBSMALLWORLD\RELEASE\VC110.PDB
C:\USERS\ORHIN\DOCUMENTS\VISUAL STUDIO 2012\PROJECTS\4INFO_SMALLWORLD\CS_SMALLWORLD\LIBSMALLWORLD\RELEASE\MAP.OBJ
C:\USERS\ORHIN\DOCUMENTS\VISUAL STUDIO 2012\PROJECTS\4INFO_SMALLWORLD\CS_SMALLWORLD\LIBSMALLWORLD\RELEASE\CALCCOMBAT.OBJ
C:\USERS\ORHIN\DOCUMENTS\VISUAL STUDIO 2012\PROJECTS\4INFO_SMALLWORLD\CS_SMALLWORLD\LIBSMALLWORLD\RELEASE\APISMALLWORLD.OBJ
C:\USERS\ORHIN\DOCUMENTS\VISUAL STUDIO 2012\PROJECTS\4INFO_SMALLWORLD\CS_SMALLWORLD\LIBSMALLWORLD\RELEASE\VC110.PDB
D:\INSA\4INFO\4INFO_SmallWorld\CS_SmallWorld\Release\LibSmallWorld.lib
D:\INSA\4INFO\4INFO_SmallWorld\CS_SmallWorld\Release\LibSmallWorld.exp
C:\Users\Orhin\Documents\Visual Studio 2012\Projects\4INFO_SmallWorld\CS_SmallWorld\Release\LibSmallWorld.lib
C:\Users\Orhin\Documents\Visual Studio 2012\Projects\4INFO_SmallWorld\CS_SmallWorld\Release\LibSmallWorld.exp
D:\INSA\4INFO\4INFO_SMALLWORLD\CS_SMALLWORLD\RELEASE\LIBSMALLWORLD.DLL
D:\INSA\4INFO\4INFO_SMALLWORLD\CS_SMALLWORLD\RELEASE\LIBSMALLWORLD.PDB
C:\USERS\ORHIN\DOCUMENTS\VISUAL STUDIO 2012\PROJECTS\4INFO_SMALLWORLD\CS_SMALLWORLD\RELEASE\LIBSMALLWORLD.DLL
C:\USERS\ORHIN\DOCUMENTS\VISUAL STUDIO 2012\PROJECTS\4INFO_SMALLWORLD\CS_SMALLWORLD\RELEASE\LIBSMALLWORLD.PDB
C:\Users\Orhin\Documents\Visual Studio 2012\Projects\4INFO_SmallWorld\CS_SmallWorld\LibSmallWorld\Release\apiSmallWorld.obj
C:\Users\Orhin\Documents\Visual Studio 2012\Projects\4INFO_SmallWorld\CS_SmallWorld\LibSmallWorld\Release\calcCombat.obj
C:\Users\Orhin\Documents\Visual Studio 2012\Projects\4INFO_SmallWorld\CS_SmallWorld\LibSmallWorld\Release\map.obj
C:\Users\Orhin\Documents\Visual Studio 2012\Projects\4INFO_SmallWorld\CS_SmallWorld\LibSmallWorld\Release\cl.command.1.tlog
C:\Users\Orhin\Documents\Visual Studio 2012\Projects\4INFO_SmallWorld\CS_SmallWorld\LibSmallWorld\Release\CL.read.1.tlog
C:\Users\Orhin\Documents\Visual Studio 2012\Projects\4INFO_SmallWorld\CS_SmallWorld\LibSmallWorld\Release\CL.write.1.tlog
C:\Users\Orhin\Documents\Visual Studio 2012\Projects\4INFO_SmallWorld\CS_SmallWorld\LibSmallWorld\Release\LibSmallWorld.write.1.tlog
C:\Users\Orhin\Documents\Visual Studio 2012\Projects\4INFO_SmallWorld\CS_SmallWorld\LibSmallWorld\Release\link-cvtres.read.1.tlog
C:\Users\Orhin\Documents\Visual Studio 2012\Projects\4INFO_SmallWorld\CS_SmallWorld\LibSmallWorld\Release\link-cvtres.write.1.tlog
C:\Users\Orhin\Documents\Visual Studio 2012\Projects\4INFO_SmallWorld\CS_SmallWorld\LibSmallWorld\Release\link-rc.read.1.tlog
C:\Users\Orhin\Documents\Visual Studio 2012\Projects\4INFO_SmallWorld\CS_SmallWorld\LibSmallWorld\Release\link-rc.write.1.tlog
C:\Users\Orhin\Documents\Visual Studio 2012\Projects\4INFO_SmallWorld\CS_SmallWorld\LibSmallWorld\Release\link.command.1.tlog
C:\Users\Orhin\Documents\Visual Studio 2012\Projects\4INFO_SmallWorld\CS_SmallWorld\LibSmallWorld\Release\link.read.1.tlog
C:\Users\Orhin\Documents\Visual Studio 2012\Projects\4INFO_SmallWorld\CS_SmallWorld\LibSmallWorld\Release\link.write.1.tlog
C:\Users\Orhin\Documents\Visual Studio 2012\Projects\4INFO_SmallWorld\CS_SmallWorld\LibSmallWorld\Release\vc110.pdb
C:\Users\Orhin\Documents\Visual Studio 2012\Projects\4INFO_SmallWorld\CS_SmallWorld\Release\LibSmallWorld.pdb
C:\Users\Orhin\Documents\Visual Studio 2012\Projects\4INFO_SmallWorld\CS_SmallWorld\Release\LibSmallWorld.dll
