La génération a démarré 13/11/2013 11:43:13.
     1>Projet "H:\TP_POO_MOO\LibSmallWorld\LibSmallWorld\wrapperLibSmallWorld\wrapperLibSmallWorld.vcxproj" sur le nœud 2 (build cible(s)).
     1>InitializeBuildStatus:
         Mise à jour de l'horodatage "Debug\wrapperLibSmallWorld.unsuccessfulbuild".
       GenerateTargetFrameworkMonikerAttribute:
       La cible est ignorée "GenerateTargetFrameworkMonikerAttribute", car tous les fichiers de sortie sont à jour par rapport aux fichiers d'entrée.
       ClCompile:
         Toutes les sorties sont à jour.
         Toutes les sorties sont à jour.
         Toutes les sorties sont à jour.
       ResourceCompile:
         Toutes les sorties sont à jour.
       Link:
         C:\Program Files (x86)\Microsoft Visual Studio 10.0\VC\bin\link.exe /ERRORREPORT:PROMPT /OUT:"H:\TP_POO_MOO\LibSmallWorld\LibSmallWorld\Debug\wrapperLibSmallWorld.dll" /INCREMENTAL:NO /NOLOGO /MANIFEST /ManifestFile:"Debug\wrapperLibSmallWorld.dll.intermediate.manifest" /MANIFESTUAC:"level='asInvoker' uiAccess='false'" /DEBUG /PDB:"H:\TP_POO_MOO\LibSmallWorld\LibSmallWorld\Debug\wrapperLibSmallWorld.pdb" /ASSEMBLYDEBUG /TLBID:1 /DYNAMICBASE /FIXED:NO /NXCOMPAT /MACHINE:X86 /DLL Debug\app.res
         Debug\AssemblyInfo.obj
         Debug\Stdafx.obj
         Debug\wrapperLibSmallWorld.obj
         "Debug\.NETFramework,Version=v4.0.AssemblyAttributes.obj"
     1>LINK : fatal error LNK1123: échec lors de la conversion en fichier COFF : fichier non valide ou endommagé
     1>Génération du projet "H:\TP_POO_MOO\LibSmallWorld\LibSmallWorld\wrapperLibSmallWorld\wrapperLibSmallWorld.vcxproj" terminée (build cible(s)) -- ÉCHEC.

ÉCHEC de la build.

Temps écoulé 00:00:00.21
