H:\TP_POO_MOO\4INFO_SMALLWORLD\CS_SMALLWORLD\WRAPPERLIBSMALLWORLD\DEBUG\WRAPPERLIBSMALLWORLD.PCH
H:\TP_POO_MOO\4INFO_SMALLWORLD\CS_SMALLWORLD\WRAPPERLIBSMALLWORLD\DEBUG\STDAFX.OBJ
H:\TP_POO_MOO\4INFO_SMALLWORLD\CS_SMALLWORLD\WRAPPERLIBSMALLWORLD\DEBUG\VC110.PDB
H:\TP_POO_MOO\4INFO_SMALLWORLD\CS_SMALLWORLD\WRAPPERLIBSMALLWORLD\DEBUG\WRAPPERLIBSMALLWORLD.OBJ
H:\TP_POO_MOO\4INFO_SMALLWORLD\CS_SMALLWORLD\WRAPPERLIBSMALLWORLD\DEBUG\ASSEMBLYINFO.OBJ
H:\TP_POO_MOO\4INFO_SMALLWORLD\CS_SMALLWORLD\WRAPPERLIBSMALLWORLD\DEBUG\.NETFRAMEWORK,VERSION=V4.0.ASSEMBLYATTRIBUTES.OBJ
H:\TP_POO_MOO\4INFO_SMALLWORLD\CS_SMALLWORLD\DEBUG\WRAPPERLIBSMALLWORLD.DLL
H:\TP_POO_MOO\4INFO_SMALLWORLD\CS_SMALLWORLD\DEBUG\WRAPPERLIBSMALLWORLD.PDB
H:\TP_POO_MOO\4INFO_SmallWorld\CS_SmallWorld\wrapperLibSmallWorld\Debug\wrapperLibSmallWorld.vcxprojResolveAssemblyReference.cache
H:\TP_POO_MOO\4INFO_SmallWorld\CS_SmallWorld\wrapperLibSmallWorld\Debug\Stdafx.obj
H:\TP_POO_MOO\4INFO_SmallWorld\CS_SmallWorld\wrapperLibSmallWorld\Debug\wrapperLibSmallWorld.obj
H:\TP_POO_MOO\4INFO_SmallWorld\CS_SmallWorld\wrapperLibSmallWorld\Debug\AssemblyInfo.obj
H:\TP_POO_MOO\4INFO_SmallWorld\CS_SmallWorld\wrapperLibSmallWorld\Debug\.NETFramework,Version=v4.0.AssemblyAttributes.obj
H:\TP_POO_MOO\4INFO_SmallWorld\CS_SmallWorld\wrapperLibSmallWorld\Debug\metagen.write.1.tlog
H:\TP_POO_MOO\4INFO_SmallWorld\CS_SmallWorld\wrapperLibSmallWorld\Debug\CL.read.1.tlog
H:\TP_POO_MOO\4INFO_SmallWorld\CS_SmallWorld\wrapperLibSmallWorld\Debug\CL.write.1.tlog
H:\TP_POO_MOO\4INFO_SmallWorld\CS_SmallWorld\wrapperLibSmallWorld\Debug\cl.command.1.tlog
H:\TP_POO_MOO\4INFO_SmallWorld\CS_SmallWorld\wrapperLibSmallWorld\Debug\metagen.read.1.tlog
H:\TP_POO_MOO\4INFO_SmallWorld\CS_SmallWorld\wrapperLibSmallWorld\Debug\link.1988-rc.read.1.tlog
H:\TP_POO_MOO\4INFO_SmallWorld\CS_SmallWorld\wrapperLibSmallWorld\Debug\link.1988-rc.write.1.tlog
H:\TP_POO_MOO\4INFO_SmallWorld\CS_SmallWorld\wrapperLibSmallWorld\Debug\link.1988-cvtres.read.1.tlog
H:\TP_POO_MOO\4INFO_SmallWorld\CS_SmallWorld\wrapperLibSmallWorld\Debug\link.1988-cvtres.write.1.tlog
H:\TP_POO_MOO\4INFO_SmallWorld\CS_SmallWorld\wrapperLibSmallWorld\Debug\link.1988.read.1.tlog
H:\TP_POO_MOO\4INFO_SmallWorld\CS_SmallWorld\wrapperLibSmallWorld\Debug\link.1988.write.1.tlog
H:\TP_POO_MOO\4INFO_SmallWorld\CS_SmallWorld\wrapperLibSmallWorld\Debug\link.read.1.tlog
H:\TP_POO_MOO\4INFO_SmallWorld\CS_SmallWorld\wrapperLibSmallWorld\Debug\link.write.1.tlog
H:\TP_POO_MOO\4INFO_SmallWorld\CS_SmallWorld\wrapperLibSmallWorld\Debug\link.command.1.tlog
H:\TP_POO_MOO\4INFO_SmallWorld\CS_SmallWorld\wrapperLibSmallWorld\Debug\wrapperLibSmallWorld.pch
H:\TP_POO_MOO\4INFO_SmallWorld\CS_SmallWorld\wrapperLibSmallWorld\Debug\vc110.pdb
H:\TP_POO_MOO\4INFO_SmallWorld\CS_SmallWorld\wrapperLibSmallWorld\Debug\RSAENH.DLL.bi
H:\TP_POO_MOO\4INFO_SmallWorld\CS_SmallWorld\wrapperLibSmallWorld\Debug\TZRES.DLL.bi
H:\TP_POO_MOO\4INFO_SmallWorld\CS_SmallWorld\Debug\wrapperLibSmallWorld.pdb
H:\TP_POO_MOO\4INFO_SmallWorld\CS_SmallWorld\Debug\wrapperLibSmallWorld.dll
H:\TP_POO_MOO\4INFO_SmallWorld\CS_SmallWorld\Debug\wrapperLibSmallWorld.ilk
